[0mGET / [32m200 [0m23.692 ms - 2689[0m
[0mGET /bootstrap/dist/css/bootstrap.min.css [36m304 [0m8.745 ms - -[0m
[0mGET /css/bootstrapM.min.css [36m304 [0m6.227 ms - -[0m
[0mGET /css/style.css [36m304 [0m5.964 ms - -[0m
[0mGET /bootstrap/dist/js/bootstrap.min.js [36m304 [0m6.334 ms - -[0m
[0mGET /signin [33m404 [0m6.339 ms - 19[0m
[0mGET /signin [33m404 [0m1.330 ms - 19[0m
[0mGET / [32m200 [0m9.267 ms - 2688[0m
[0mGET /css/bootstrapM.min.css [36m304 [0m2.867 ms - -[0m
[0mGET /css/style.css [36m304 [0m2.082 ms - -[0m
[0mGET /bootstrap/dist/css/bootstrap.min.css [36m304 [0m5.173 ms - -[0m
[0mGET /bootstrap/dist/js/bootstrap.min.js [36m304 [0m0.723 ms - -[0m
[0mGET /login [32m200 [0m2.818 ms - 518[0m
[0mGET /login [36m304 [0m3.428 ms - -[0m
[0mGET /login [36m304 [0m5.497 ms - -[0m
[0mGET /login [36m304 [0m1.218 ms - -[0m
[0mGET /login [36m304 [0m1.682 ms - -[0m
[0mGET /login [36m304 [0m1.283 ms - -[0m
[0mGET /login [36m304 [0m1.731 ms - -[0m
[0mGET /login [36m304 [0m2.079 ms - -[0m
[0mGET /login [36m304 [0m1.175 ms - -[0m
[0mGET /login [36m304 [0m1.567 ms - -[0m
[0mGET /login [36m304 [0m2.189 ms - -[0m
[0mGET /login [36m304 [0m1.538 ms - -[0m
[0mGET /login [32m200 [0m6.197 ms - 2757[0m
[0mGET /css/bootstrapM.min.css [36m304 [0m0.574 ms - -[0m
[0mGET /bootstrap/dist/css/bootstrap.min.css [36m304 [0m1.575 ms - -[0m
[0mGET /css/style.css [36m304 [0m0.664 ms - -[0m
[0mGET /bootstrap/dist/js/bootstrap.min.js [36m304 [0m2.120 ms - -[0m
[0mGET /login?submit=Login [32m200 [0m4.713 ms - 2757[0m
[0mGET /css/bootstrapM.min.css [36m304 [0m2.510 ms - -[0m
[0mGET /bootstrap/dist/css/bootstrap.min.css [36m304 [0m4.863 ms - -[0m
[0mGET /css/style.css [36m304 [0m2.902 ms - -[0m
[0mGET /bootstrap/dist/js/bootstrap.min.js [36m304 [0m0.822 ms - -[0m
[0mGET / [32m200 [0m6.346 ms - 2688[0m
[0mGET /css/bootstrapM.min.css [36m304 [0m0.981 ms - -[0m
[0mGET /bootstrap/dist/css/bootstrap.min.css [36m304 [0m2.622 ms - -[0m
[0mGET /css/style.css [36m304 [0m1.335 ms - -[0m
[0mGET /bootstrap/dist/js/bootstrap.min.js [36m304 [0m0.709 ms - -[0m
[0mGET /signup [32m200 [0m5.900 ms - 2859[0m
[0mGET /css/bootstrapM.min.css [36m304 [0m0.703 ms - -[0m
[0mGET /bootstrap/dist/css/bootstrap.min.css [36m304 [0m2.250 ms - -[0m
[0mGET /css/style.css [36m304 [0m1.012 ms - -[0m
[0mGET /bootstrap/dist/js/bootstrap.min.js [36m304 [0m1.565 ms - -[0m
[0mGET /signup [36m304 [0m9.329 ms - -[0m
[0mGET /bootstrap/dist/css/bootstrap.min.css [36m304 [0m1.267 ms - -[0m
[0mGET /css/bootstrapM.min.css [36m304 [0m2.686 ms - -[0m
[0mGET /css/style.css [32m200 [0m5.680 ms - 1027[0m
[0mGET /bootstrap/dist/js/bootstrap.min.js [36m304 [0m4.248 ms - -[0m
[0mGET /signup?submit=Signup [32m200 [0m3.032 ms - 2859[0m
[0mGET /bootstrap/dist/css/bootstrap.min.css [36m304 [0m2.346 ms - -[0m
[0mGET /css/bootstrapM.min.css [36m304 [0m2.254 ms - -[0m
[0mGET /css/style.css [36m304 [0m0.574 ms - -[0m
[0mGET /bootstrap/dist/js/bootstrap.min.js [36m304 [0m1.098 ms - -[0m
[0mGET / [36m304 [0m4.898 ms - -[0m
[0mGET /bootstrap/dist/css/bootstrap.min.css [36m304 [0m1.356 ms - -[0m
[0mGET /css/bootstrapM.min.css [36m304 [0m0.837 ms - -[0m
[0mGET /css/style.css [36m304 [0m0.610 ms - -[0m
[0mGET /bootstrap/dist/js/bootstrap.min.js [36m304 [0m1.239 ms - -[0m
[0mGET /login [32m200 [0m3.898 ms - 2757[0m
[0mGET /bootstrap/dist/css/bootstrap.min.css [36m304 [0m1.475 ms - -[0m
[0mGET /css/bootstrapM.min.css [36m304 [0m1.738 ms - -[0m
[0mGET /css/style.css [36m304 [0m1.720 ms - -[0m
[0mGET /bootstrap/dist/js/bootstrap.min.js [36m304 [0m1.367 ms - -[0m
[0mGET /login [36m304 [0m6.147 ms - -[0m
[0mGET /bootstrap/dist/css/bootstrap.min.css [36m304 [0m1.980 ms - -[0m
[0mGET /css/bootstrapM.min.css [36m304 [0m1.581 ms - -[0m
[0mGET /css/style.css [32m200 [0m2.964 ms - 1057[0m
[0mGET /bootstrap/dist/js/bootstrap.min.js [36m304 [0m0.991 ms - -[0m
[0mGET /login?submit=Login [32m200 [0m5.403 ms - 2757[0m
[0mGET /css/bootstrapM.min.css [36m304 [0m0.702 ms - -[0m
[0mGET /bootstrap/dist/css/bootstrap.min.css [36m304 [0m2.421 ms - -[0m
[0mGET /css/style.css [36m304 [0m1.502 ms - -[0m
[0mGET /bootstrap/dist/js/bootstrap.min.js [36m304 [0m0.763 ms - -[0m
[0mGET /login?submit=Login [36m304 [0m5.346 ms - -[0m
[0mGET /bootstrap/dist/css/bootstrap.min.css [36m304 [0m1.360 ms - -[0m
[0mGET /css/bootstrapM.min.css [36m304 [0m0.762 ms - -[0m
[0mGET /css/style.css [32m200 [0m1.180 ms - 1055[0m
[0mGET /bootstrap/dist/js/bootstrap.min.js [36m304 [0m3.500 ms - -[0m
[0mGET /login?submit=Login [36m304 [0m11.837 ms - -[0m
[0mGET /bootstrap/dist/css/bootstrap.min.css [36m304 [0m1.414 ms - -[0m
[0mGET /css/bootstrapM.min.css [36m304 [0m2.930 ms - -[0m
[0mGET /css/style.css [32m200 [0m3.017 ms - 1027[0m
[0mGET /bootstrap/dist/js/bootstrap.min.js [36m304 [0m2.295 ms - -[0m
[0mGET /login?submit=Login [36m304 [0m5.343 ms - -[0m
[0mGET /bootstrap/dist/css/bootstrap.min.css [36m304 [0m1.313 ms - -[0m
[0mGET /css/bootstrapM.min.css [36m304 [0m0.948 ms - -[0m
[0mGET /css/style.css [36m304 [0m0.949 ms - -[0m
[0mGET /bootstrap/dist/js/bootstrap.min.js [36m304 [0m0.797 ms - -[0m
[0mGET / [32m200 [0m11.937 ms - 2688[0m
[0mGET /css/style.css [32m200 [0m4.607 ms - 1027[0m
[0mGET /css/bootstrapM.min.css [32m200 [0m4.943 ms - 141475[0m
[0mGET /bootstrap/dist/css/bootstrap.min.css [32m200 [0m54.288 ms - 121260[0m
[0mGET /bootstrap/dist/js/bootstrap.min.js [32m200 [0m76.626 ms - 36868[0m
[0mGET /login [32m200 [0m6.774 ms - 2757[0m
[0mGET /css/bootstrapM.min.css [36m304 [0m0.874 ms - -[0m
[0mGET /bootstrap/dist/css/bootstrap.min.css [36m304 [0m3.024 ms - -[0m
[0mGET /css/style.css [36m304 [0m0.693 ms - -[0m
[0mGET /bootstrap/dist/js/bootstrap.min.js [36m304 [0m0.831 ms - -[0m
[0mGET /login?submit=Login [32m200 [0m6.208 ms - 2757[0m
[0mGET /bootstrap/dist/css/bootstrap.min.css [36m304 [0m1.179 ms - -[0m
[0mGET /css/bootstrapM.min.css [36m304 [0m1.769 ms - -[0m
[0mGET /css/style.css [36m304 [0m0.521 ms - -[0m
[0mGET /bootstrap/dist/js/bootstrap.min.js [36m304 [0m1.489 ms - -[0m
[0mGET / [36m304 [0m6.167 ms - -[0m
[0mGET /bootstrap/dist/css/bootstrap.min.css [36m304 [0m1.497 ms - -[0m
[0mGET /css/bootstrapM.min.css [36m304 [0m1.470 ms - -[0m
[0mGET /css/style.css [36m304 [0m0.833 ms - -[0m
[0mGET /bootstrap/dist/js/bootstrap.min.js [36m304 [0m0.801 ms - -[0m
[0mGET /signup [32m200 [0m4.473 ms - 2859[0m
[0mGET /bootstrap/dist/css/bootstrap.min.css [36m304 [0m0.862 ms - -[0m
[0mGET /css/bootstrapM.min.css [36m304 [0m1.021 ms - -[0m
[0mGET /css/style.css [36m304 [0m0.680 ms - -[0m
[0mGET /bootstrap/dist/js/bootstrap.min.js [36m304 [0m1.164 ms - -[0m
[0mGET / [32m200 [0m31.433 ms - 2689[0m
[0mGET /css/bootstrapM.min.css [32m200 [0m14.443 ms - 141475[0m
[0mGET /css/style.css [32m200 [0m9.658 ms - 1027[0m
[0mGET /bootstrap/dist/css/bootstrap.min.css [32m200 [0m234.033 ms - 121260[0m
[0mGET /bootstrap/dist/js/bootstrap.min.js [32m200 [0m122.704 ms - 36868[0m
[0mGET /favicon.ico [33m404 [0m3.882 ms - 24[0m
[0mGET /signup [32m200 [0m11.458 ms - 2880[0m
[0mGET /bootstrap/dist/css/bootstrap.min.css [36m304 [0m2.891 ms - -[0m
[0mGET /css/style.css [36m304 [0m0.924 ms - -[0m
[0mGET /css/bootstrapM.min.css [36m304 [0m2.644 ms - -[0m
[0mGET /bootstrap/dist/js/bootstrap.min.js [36m304 [0m1.054 ms - -[0m
[0mPOST /signup [32m200 [0m320.133 ms - 2560[0m
[0mGET /bootstrap/dist/css/bootstrap.min.css [36m304 [0m1.921 ms - -[0m
[0mGET /css/bootstrapM.min.css [36m304 [0m1.143 ms - -[0m
[0mGET /css/style.css [36m304 [0m0.977 ms - -[0m
[0mGET /bootstrap/dist/js/bootstrap.min.js [36m304 [0m2.163 ms - -[0m
[0mGET / [36m304 [0m20.112 ms - -[0m
[0mGET /css/bootstrapM.min.css [36m304 [0m3.490 ms - -[0m
[0mGET /css/style.css [36m304 [0m5.381 ms - -[0m
[0mGET /bootstrap/dist/css/bootstrap.min.css [36m304 [0m9.313 ms - -[0m
[0mGET /bootstrap/dist/js/bootstrap.min.js [36m304 [0m1.036 ms - -[0m
[0mGET /signup [32m200 [0m9.581 ms - 2880[0m
[0mGET /css/bootstrapM.min.css [36m304 [0m6.584 ms - -[0m
[0mGET /css/style.css [36m304 [0m5.020 ms - -[0m
[0mGET /bootstrap/dist/css/bootstrap.min.css [36m304 [0m10.499 ms - -[0m
[0mGET /bootstrap/dist/js/bootstrap.min.js [36m304 [0m1.295 ms - -[0m
[0mGET / [32m200 [0m30.110 ms - 2689[0m
[0mGET /bootstrap/dist/css/bootstrap.min.css [36m304 [0m6.511 ms - -[0m
[0mGET /css/bootstrapM.min.css [36m304 [0m2.641 ms - -[0m
[0mGET /css/style.css [36m304 [0m2.553 ms - -[0m
[0mGET /bootstrap/dist/js/bootstrap.min.js [36m304 [0m1.265 ms - -[0m
[0mGET /signup [32m200 [0m17.930 ms - 2880[0m
[0mGET /css/bootstrapM.min.css [36m304 [0m6.233 ms - -[0m
[0mGET /bootstrap/dist/css/bootstrap.min.css [36m304 [0m12.302 ms - -[0m
[0mGET /css/style.css [36m304 [0m7.646 ms - -[0m
[0mGET /bootstrap/dist/js/bootstrap.min.js [36m304 [0m7.859 ms - -[0m
[0mPOST /signup [31m500 [0m255.023 ms - 1861[0m
[0mGET / [36m304 [0m6.605 ms - -[0m
[0mGET /css/bootstrapM.min.css [36m304 [0m0.753 ms - -[0m
[0mGET /bootstrap/dist/css/bootstrap.min.css [36m304 [0m1.998 ms - -[0m
[0mGET /css/style.css [36m304 [0m1.802 ms - -[0m
[0mGET /bootstrap/dist/js/bootstrap.min.js [36m304 [0m0.729 ms - -[0m
[0mGET /signup [36m304 [0m7.180 ms - -[0m
[0mGET /bootstrap/dist/css/bootstrap.min.css [36m304 [0m1.230 ms - -[0m
[0mGET /css/bootstrapM.min.css [36m304 [0m3.076 ms - -[0m
[0mGET /css/style.css [36m304 [0m1.355 ms - -[0m
[0mGET /bootstrap/dist/js/bootstrap.min.js [36m304 [0m0.943 ms - -[0m
[0mPOST /signup [31m500 [0m237.662 ms - 1861[0m
[0mGET / [36m304 [0m6.516 ms - -[0m
[0mGET /css/bootstrapM.min.css [36m304 [0m2.957 ms - -[0m
[0mGET /css/style.css [36m304 [0m2.849 ms - -[0m
[0mGET /bootstrap/dist/css/bootstrap.min.css [36m304 [0m5.639 ms - -[0m
[0mGET /bootstrap/dist/js/bootstrap.min.js [36m304 [0m1.189 ms - -[0m
[0mGET / [36m304 [0m21.414 ms - -[0m
[0mGET /css/bootstrapM.min.css [36m304 [0m3.923 ms - -[0m
[0mGET /css/style.css [36m304 [0m4.685 ms - -[0m
[0mGET /bootstrap/dist/css/bootstrap.min.css [36m304 [0m8.555 ms - -[0m
[0mGET /bootstrap/dist/js/bootstrap.min.js [36m304 [0m1.053 ms - -[0m
[0mGET /signup [36m304 [0m8.961 ms - -[0m
[0mGET /css/bootstrapM.min.css [36m304 [0m0.865 ms - -[0m
[0mGET /bootstrap/dist/css/bootstrap.min.css [36m304 [0m2.978 ms - -[0m
[0mGET /css/style.css [36m304 [0m0.668 ms - -[0m
[0mGET /bootstrap/dist/js/bootstrap.min.js [36m304 [0m0.793 ms - -[0m
[0mPOST /signup [32m200 [0m254.800 ms - 2557[0m
[0mGET /bootstrap/dist/css/bootstrap.min.css [36m304 [0m1.387 ms - -[0m
[0mGET /css/bootstrapM.min.css [36m304 [0m1.409 ms - -[0m
[0mGET /css/style.css [36m304 [0m1.609 ms - -[0m
[0mGET /bootstrap/dist/js/bootstrap.min.js [36m304 [0m2.180 ms - -[0m
[0mGET /signup [32m200 [0m14.308 ms - 2880[0m
[0mGET /css/bootstrapM.min.css [36m304 [0m3.575 ms - -[0m
[0mGET /css/style.css [36m304 [0m5.086 ms - -[0m
[0mGET /bootstrap/dist/css/bootstrap.min.css [36m304 [0m8.285 ms - -[0m
[0mGET /bootstrap/dist/js/bootstrap.min.js [36m304 [0m2.512 ms - -[0m
[0mPOST /signup [31m500 [0m254.856 ms - 1861[0m
[0mGET / [36m304 [0m6.447 ms - -[0m
[0mGET /bootstrap/dist/css/bootstrap.min.css [36m304 [0m2.018 ms - -[0m
[0mGET /css/bootstrapM.min.css [36m304 [0m1.228 ms - -[0m
[0mGET /css/style.css [36m304 [0m0.588 ms - -[0m
[0mGET /bootstrap/dist/js/bootstrap.min.js [36m304 [0m1.156 ms - -[0m
[0mGET /signup [36m304 [0m6.747 ms - -[0m
[0mGET /bootstrap/dist/css/bootstrap.min.css [36m304 [0m2.813 ms - -[0m
[0mGET /css/bootstrapM.min.css [36m304 [0m3.736 ms - -[0m
[0mGET /css/style.css [36m304 [0m1.441 ms - -[0m
[0mGET /bootstrap/dist/js/bootstrap.min.js [36m304 [0m0.915 ms - -[0m
[0mPOST /signup [32m200 [0m234.260 ms - 19[0m
[0mGET / [36m304 [0m3.653 ms - -[0m
[0mGET /css/bootstrapM.min.css [36m304 [0m1.509 ms - -[0m
[0mGET /bootstrap/dist/css/bootstrap.min.css [36m304 [0m4.411 ms - -[0m
[0mGET /css/style.css [36m304 [0m1.640 ms - -[0m
[0mGET /bootstrap/dist/js/bootstrap.min.js [36m304 [0m0.975 ms - -[0m
[0mGET /signup [32m200 [0m4.841 ms - 2911[0m
[0mGET /bootstrap/dist/css/bootstrap.min.css [36m304 [0m10.849 ms - -[0m
[0mGET /css/bootstrapM.min.css [36m304 [0m3.455 ms - -[0m
[0mGET /css/style.css [36m304 [0m2.787 ms - -[0m
[0mGET /bootstrap/dist/js/bootstrap.min.js [36m304 [0m3.809 ms - -[0m
[0mGET /signup [32m200 [0m4.523 ms - 2923[0m
[0mGET /bootstrap/dist/css/bootstrap.min.css [36m304 [0m3.944 ms - -[0m
[0mGET /css/bootstrapM.min.css [36m304 [0m2.953 ms - -[0m
[0mGET /css/style.css [36m304 [0m2.941 ms - -[0m
[0mGET /bootstrap/dist/js/bootstrap.min.js [36m304 [0m0.843 ms - -[0m
[0mPOST /signup [32m200 [0m232.694 ms - 92[0m
[0mGET / [36m304 [0m16.224 ms - -[0m
[0mGET /css/bootstrapM.min.css [36m304 [0m4.787 ms - -[0m
[0mGET /css/style.css [36m304 [0m6.206 ms - -[0m
[0mGET /bootstrap/dist/css/bootstrap.min.css [36m304 [0m10.280 ms - -[0m
[0mGET /bootstrap/dist/js/bootstrap.min.js [36m304 [0m1.195 ms - -[0m
[0mGET /signup [32m200 [0m9.908 ms - 2923[0m
[0mGET /bootstrap/dist/css/bootstrap.min.css [36m304 [0m1.940 ms - -[0m
[0mGET /css/bootstrapM.min.css [36m304 [0m1.233 ms - -[0m
[0mGET /css/style.css [36m304 [0m0.979 ms - -[0m
[0mGET /bootstrap/dist/js/bootstrap.min.js [36m304 [0m0.778 ms - -[0m
[0mPOST /signup [32m200 [0m291.323 ms - 2772[0m
[0mGET /css/bootstrapM.min.css [36m304 [0m1.045 ms - -[0m
[0mGET /bootstrap/dist/css/bootstrap.min.css [36m304 [0m3.813 ms - -[0m
[0mGET /css/style.css [36m304 [0m1.481 ms - -[0m
[0mGET /bootstrap/dist/js/bootstrap.min.js [36m304 [0m1.250 ms - -[0m
[0mGET / [31m500 [0m8.348 ms - 2030[0m
[0mGET / [31m500 [0m4.281 ms - 2030[0m
[0mGET / [32m200 [0m4.398 ms - 2691[0m
[0mGET /css/bootstrapM.min.css [36m304 [0m2.500 ms - -[0m
[0mGET /bootstrap/dist/css/bootstrap.min.css [36m304 [0m6.591 ms - -[0m
[0mGET /css/style.css [36m304 [0m3.188 ms - -[0m
[0mGET /bootstrap/dist/js/bootstrap.min.js [36m304 [0m6.324 ms - -[0m
[0mGET /signup [32m200 [0m5.523 ms - 2925[0m
[0mGET /bootstrap/dist/css/bootstrap.min.css [36m304 [0m4.322 ms - -[0m
[0mGET /css/bootstrapM.min.css [36m304 [0m2.039 ms - -[0m
[0mGET /css/style.css [36m304 [0m2.986 ms - -[0m
[0mGET /bootstrap/dist/js/bootstrap.min.js [36m304 [0m0.905 ms - -[0m
[0mPOST /signup [32m200 [0m504.008 ms - 2569[0m
[0mPOST /signup [31m500 [0m257.582 ms - 1880[0m
[0mPOST /signup [31m500 [0m242.610 ms - 1880[0m
[0mGET /signup [36m304 [0m4.169 ms - -[0m
[0mGET /css/bootstrapM.min.css [36m304 [0m2.404 ms - -[0m
[0mGET /css/style.css [36m304 [0m1.958 ms - -[0m
[0mGET /bootstrap/dist/css/bootstrap.min.css [36m304 [0m5.761 ms - -[0m
[0mGET /bootstrap/dist/js/bootstrap.min.js [36m304 [0m0.793 ms - -[0m
[0mPOST /signup [32m200 [0m232.794 ms - 2575[0m
[0mGET /bootstrap/dist/css/bootstrap.min.css [36m304 [0m3.055 ms - -[0m
[0mGET /css/bootstrapM.min.css [36m304 [0m2.875 ms - -[0m
[0mGET /css/style.css [36m304 [0m1.237 ms - -[0m
[0mGET /bootstrap/dist/js/bootstrap.min.js [36m304 [0m0.968 ms - -[0m
[0mPOST /signup [31m500 [0m235.911 ms - 1886[0m
[0mGET /profile [33m404 [0m1.507 ms - 20[0m
[0mGET /profile [31m500 [0m11.009 ms - 1632[0m
[0mGET /profile [31m500 [0m11.558 ms - 2303[0m
[0mGET /profile [31m500 [0m13.317 ms - 2303[0m
[0mGET / [36m304 [0m14.948 ms - -[0m
[0mGET /bootstrap/dist/css/bootstrap.min.css [36m304 [0m4.566 ms - -[0m
[0mGET /css/bootstrapM.min.css [36m304 [0m0.837 ms - -[0m
[0mGET /css/style.css [36m304 [0m0.595 ms - -[0m
[0mGET /bootstrap/dist/js/bootstrap.min.js [36m304 [0m1.505 ms - -[0m
[0mGET /signup [32m200 [0m12.137 ms - 2925[0m
[0mGET /bootstrap/dist/css/bootstrap.min.css [36m304 [0m1.395 ms - -[0m
[0mGET /css/bootstrapM.min.css [36m304 [0m2.434 ms - -[0m
[0mGET /css/style.css [36m304 [0m4.423 ms - -[0m
[0mGET /bootstrap/dist/js/bootstrap.min.js [36m304 [0m2.261 ms - -[0m
[0mPOST /signup [32m200 [0m264.092 ms - 2557[0m
[0mGET /css/bootstrapM.min.css [36m304 [0m1.594 ms - -[0m
[0mGET /bootstrap/dist/css/bootstrap.min.css [36m304 [0m4.311 ms - -[0m
[0mGET /css/style.css [36m304 [0m1.627 ms - -[0m
[0mGET /bootstrap/dist/js/bootstrap.min.js [36m304 [0m0.897 ms - -[0m
[0mPOST /signup [31m500 [0m242.866 ms - 1883[0m
[0mGET / [36m304 [0m8.907 ms - -[0m
[0mGET /bootstrap/dist/css/bootstrap.min.css [36m304 [0m1.296 ms - -[0m
[0mGET /css/bootstrapM.min.css [36m304 [0m0.603 ms - -[0m
[0mGET /css/style.css [36m304 [0m1.116 ms - -[0m
[0mGET /bootstrap/dist/js/bootstrap.min.js [36m304 [0m0.808 ms - -[0m
[0mGET /login [32m200 [0m23.949 ms - 2759[0m
[0mGET /bootstrap/dist/css/bootstrap.min.css [36m304 [0m1.590 ms - -[0m
[0mGET /css/bootstrapM.min.css [36m304 [0m2.257 ms - -[0m
[0mGET /css/style.css [36m304 [0m1.921 ms - -[0m
[0mGET /bootstrap/dist/js/bootstrap.min.js [36m304 [0m0.966 ms - -[0m
[0mGET /login?submit=Login [32m200 [0m6.419 ms - 2759[0m
[0mGET /bootstrap/dist/css/bootstrap.min.css [36m304 [0m2.099 ms - -[0m
[0mGET /css/bootstrapM.min.css [36m304 [0m1.451 ms - -[0m
[0mGET /css/style.css [36m304 [0m2.109 ms - -[0m
[0mGET /bootstrap/dist/js/bootstrap.min.js [36m304 [0m1.461 ms - -[0m
[0mGET /login?submit=Login [36m304 [0m5.478 ms - -[0m
[0mGET /bootstrap/dist/css/bootstrap.min.css [36m304 [0m2.143 ms - -[0m
[0mGET /css/bootstrapM.min.css [36m304 [0m2.193 ms - -[0m
[0mGET /css/style.css [36m304 [0m1.344 ms - -[0m
[0mGET /bootstrap/dist/js/bootstrap.min.js [36m304 [0m1.332 ms - -[0m
[0mGET /login?submit=Login [36m304 [0m9.256 ms - -[0m
[0mGET /bootstrap/dist/css/bootstrap.min.css [36m304 [0m2.489 ms - -[0m
[0mGET /css/bootstrapM.min.css [36m304 [0m2.838 ms - -[0m
[0mGET /css/style.css [36m304 [0m1.561 ms - -[0m
[0mGET /bootstrap/dist/js/bootstrap.min.js [36m304 [0m1.355 ms - -[0m
[0mGET /login?submit=Login [36m304 [0m4.215 ms - -[0m
[0mGET /bootstrap/dist/css/bootstrap.min.css [36m304 [0m2.080 ms - -[0m
[0mGET /css/bootstrapM.min.css [36m304 [0m1.360 ms - -[0m
[0mGET /css/style.css [36m304 [0m0.593 ms - -[0m
[0mGET /bootstrap/dist/js/bootstrap.min.js [36m304 [0m1.294 ms - -[0m
[0mGET /login?submit=Login [36m304 [0m4.908 ms - -[0m
[0mGET /bootstrap/dist/css/bootstrap.min.css [36m304 [0m0.904 ms - -[0m
[0mGET /css/bootstrapM.min.css [36m304 [0m0.591 ms - -[0m
[0mGET /css/style.css [36m304 [0m0.855 ms - -[0m
[0mGET /bootstrap/dist/js/bootstrap.min.js [36m304 [0m0.808 ms - -[0m
[0mGET /login?submit=Login [36m304 [0m3.445 ms - -[0m
[0mGET /css/bootstrapM.min.css [36m304 [0m2.888 ms - -[0m
[0mGET /bootstrap/dist/css/bootstrap.min.css [36m304 [0m4.521 ms - -[0m
[0mGET /css/style.css [36m304 [0m1.967 ms - -[0m
[0mGET /bootstrap/dist/js/bootstrap.min.js [36m304 [0m0.790 ms - -[0m
[0mGET /login?submit=Login [36m304 [0m4.460 ms - -[0m
[0mGET /css/bootstrapM.min.css [36m304 [0m2.318 ms - -[0m
[0mGET /css/style.css [36m304 [0m4.116 ms - -[0m
[0mGET /bootstrap/dist/css/bootstrap.min.css [36m304 [0m9.202 ms - -[0m
[0mGET /bootstrap/dist/js/bootstrap.min.js [36m304 [0m1.587 ms - -[0m
[0mGET /login?submit=Login [36m304 [0m5.115 ms - -[0m
[0mGET /bootstrap/dist/css/bootstrap.min.css [36m304 [0m1.597 ms - -[0m
[0mGET /css/bootstrapM.min.css [36m304 [0m0.903 ms - -[0m
[0mGET /css/style.css [36m304 [0m0.613 ms - -[0m
[0mGET /bootstrap/dist/js/bootstrap.min.js [36m304 [0m1.749 ms - -[0m
[0mGET / [32m200 [0m37.962 ms - 2691[0m
[0mGET /css/bootstrapM.min.css [32m200 [0m7.089 ms - 141475[0m
[0mGET /css/style.css [32m200 [0m4.873 ms - 1027[0m
[0mGET /bootstrap/dist/css/bootstrap.min.css [32m200 [0m57.810 ms - 121260[0m
[0mGET /bootstrap/dist/js/bootstrap.min.js [32m200 [0m59.196 ms - 36868[0m
[0mGET /favicon.ico [33m404 [0m3.797 ms - 24[0m
[0mGET /signup [32m200 [0m11.086 ms - 2925[0m
[0mGET /bootstrap/dist/css/bootstrap.min.css [36m304 [0m2.859 ms - -[0m
[0mGET /css/bootstrapM.min.css [36m304 [0m1.806 ms - -[0m
[0mGET /css/style.css [36m304 [0m1.858 ms - -[0m
[0mGET /bootstrap/dist/js/bootstrap.min.js [36m304 [0m1.111 ms - -[0m
[0mPOST /signup [32m200 [0m549.531 ms - 2557[0m
[0mGET /bootstrap/dist/css/bootstrap.min.css [36m304 [0m3.161 ms - -[0m
[0mGET /css/bootstrapM.min.css [36m304 [0m3.099 ms - -[0m
[0mGET /css/style.css [36m304 [0m1.793 ms - -[0m
[0mGET /bootstrap/dist/js/bootstrap.min.js [36m304 [0m2.072 ms - -[0m
[0mGET / [32m200 [0m27.863 ms - 2691[0m
[0mGET /css/bootstrapM.min.css [36m304 [0m6.136 ms - -[0m
[0mGET /css/style.css [36m304 [0m8.398 ms - -[0m
[0mGET /bootstrap/dist/css/bootstrap.min.css [36m304 [0m12.194 ms - -[0m
[0mGET /bootstrap/dist/js/bootstrap.min.js [36m304 [0m0.920 ms - -[0m
[0mGET /signup [31m500 [0m12.754 ms - 2515[0m
[0mGET /signup [32m200 [0m24.047 ms - 2939[0m
[0mGET /css/bootstrapM.min.css [36m304 [0m3.201 ms - -[0m
[0mGET /css/style.css [36m304 [0m6.202 ms - -[0m
[0mGET /bootstrap/dist/css/bootstrap.min.css [36m304 [0m9.356 ms - -[0m
[0mGET /bootstrap/dist/js/bootstrap.min.js [36m304 [0m3.363 ms - -[0m
[0mPOST /signup [36m302 [0m109.667 ms - 58[0m
[0mGET /signup [32m200 [0m9.167 ms - 3250[0m
[0mGET /css/bootstrapM.min.css [36m304 [0m1.751 ms - -[0m
[0mGET /css/style.css [36m304 [0m1.891 ms - -[0m
[0mGET /bootstrap/dist/css/bootstrap.min.css [36m304 [0m3.938 ms - -[0m
[0mGET /bootstrap/dist/js/bootstrap.min.js [36m304 [0m0.942 ms - -[0m
[0mPOST /signup [36m302 [0m10.312 ms - 58[0m
[0mGET /signup [32m200 [0m4.068 ms - 3251[0m
[0mGET /css/bootstrapM.min.css [36m304 [0m2.595 ms - -[0m
[0mGET /css/style.css [36m304 [0m2.700 ms - -[0m
[0mGET /bootstrap/dist/css/bootstrap.min.css [36m304 [0m8.025 ms - -[0m
[0mGET /bootstrap/dist/js/bootstrap.min.js [36m304 [0m1.330 ms - -[0m
[0mPOST /signup [36m302 [0m8.534 ms - 58[0m
[0mGET /signup [32m200 [0m10.333 ms - 3251[0m
[0mGET /bootstrap/dist/css/bootstrap.min.css [36m304 [0m1.831 ms - -[0m
[0mGET /css/bootstrapM.min.css [36m304 [0m1.198 ms - -[0m
[0mGET /css/style.css [36m304 [0m0.866 ms - -[0m
[0mGET /bootstrap/dist/js/bootstrap.min.js [36m304 [0m1.087 ms - -[0m
[0mGET / [36m304 [0m5.513 ms - -[0m
[0mGET /bootstrap/dist/css/bootstrap.min.css [36m304 [0m1.706 ms - -[0m
[0mGET /css/bootstrapM.min.css [36m304 [0m1.202 ms - -[0m
[0mGET /css/style.css [36m304 [0m0.645 ms - -[0m
[0mGET /bootstrap/dist/js/bootstrap.min.js [36m304 [0m1.494 ms - -[0m
[0mGET /signup [32m200 [0m6.212 ms - 2939[0m
[0mGET /bootstrap/dist/css/bootstrap.min.css [36m304 [0m1.874 ms - -[0m
[0mGET /css/bootstrapM.min.css [36m304 [0m1.037 ms - -[0m
[0mGET /css/style.css [36m304 [0m0.720 ms - -[0m
[0mGET /bootstrap/dist/js/bootstrap.min.js [36m304 [0m2.430 ms - -[0m
[0mPOST /signup [32m200 [0m271.145 ms - 2559[0m
[0mGET /bootstrap/dist/css/bootstrap.min.css [36m304 [0m1.542 ms - -[0m
[0mGET /css/bootstrapM.min.css [36m304 [0m0.824 ms - -[0m
[0mGET /css/style.css [36m304 [0m0.863 ms - -[0m
[0mGET /bootstrap/dist/js/bootstrap.min.js [36m304 [0m1.702 ms - -[0m
[0mGET /signup [32m200 [0m5.116 ms - 2939[0m
[0mGET /bootstrap/dist/css/bootstrap.min.css [36m304 [0m2.601 ms - -[0m
[0mGET /css/bootstrapM.min.css [36m304 [0m2.096 ms - -[0m
[0mGET /css/style.css [36m304 [0m1.190 ms - -[0m
[0mGET /bootstrap/dist/js/bootstrap.min.js [36m304 [0m1.031 ms - -[0m
[0mPOST /signup [32m200 [0m261.702 ms - 2557[0m
[0mGET /bootstrap/dist/css/bootstrap.min.css [36m304 [0m2.406 ms - -[0m
[0mGET /css/bootstrapM.min.css [36m304 [0m2.714 ms - -[0m
[0mGET /css/style.css [36m304 [0m1.496 ms - -[0m
[0mGET /bootstrap/dist/js/bootstrap.min.js [36m304 [0m4.783 ms - -[0m
[0mGET / [36m304 [0m28.920 ms - -[0m
[0mGET /css/bootstrapM.min.css [36m304 [0m4.628 ms - -[0m
[0mGET /css/style.css [36m304 [0m7.059 ms - -[0m
[0mGET /bootstrap/dist/css/bootstrap.min.css [36m304 [0m11.649 ms - -[0m
[0mGET /bootstrap/dist/js/bootstrap.min.js [36m304 [0m2.427 ms - -[0m
[0mGET /signup [32m200 [0m11.750 ms - 2939[0m
[0mGET /bootstrap/dist/css/bootstrap.min.css [36m304 [0m1.828 ms - -[0m
[0mGET /css/bootstrapM.min.css [36m304 [0m2.184 ms - -[0m
[0mGET /css/style.css [36m304 [0m1.440 ms - -[0m
[0mGET /bootstrap/dist/js/bootstrap.min.js [36m304 [0m1.136 ms - -[0m
[0mGET / [36m304 [0m34.788 ms - -[0m
[0mGET /css/bootstrapM.min.css [36m304 [0m3.872 ms - -[0m
[0mGET /css/style.css [36m304 [0m5.988 ms - -[0m
[0mGET /bootstrap/dist/css/bootstrap.min.css [36m304 [0m9.485 ms - -[0m
[0mGET /bootstrap/dist/js/bootstrap.min.js [36m304 [0m0.852 ms - -[0m
[0mGET /signup [32m200 [0m9.218 ms - 2923[0m
[0mGET /bootstrap/dist/css/bootstrap.min.css [36m304 [0m1.044 ms - -[0m
[0mGET /css/bootstrapM.min.css [36m304 [0m1.035 ms - -[0m
[0mGET /css/style.css [36m304 [0m0.832 ms - -[0m
[0mGET /bootstrap/dist/js/bootstrap.min.js [36m304 [0m1.851 ms - -[0m
[0mGET / [36m304 [0m33.806 ms - -[0m
[0mGET /css/bootstrapM.min.css [36m304 [0m4.035 ms - -[0m
[0mGET /css/style.css [36m304 [0m5.866 ms - -[0m
[0mGET /bootstrap/dist/css/bootstrap.min.css [36m304 [0m9.253 ms - -[0m
[0mGET /bootstrap/dist/js/bootstrap.min.js [36m304 [0m0.919 ms - -[0m
[0mGET /signup [36m304 [0m12.067 ms - -[0m
[0mGET /bootstrap/dist/css/bootstrap.min.css [36m304 [0m1.109 ms - -[0m
[0mGET /css/bootstrapM.min.css [36m304 [0m0.666 ms - -[0m
[0mGET /css/style.css [36m304 [0m1.310 ms - -[0m
[0mGET /bootstrap/dist/js/bootstrap.min.js [36m304 [0m0.966 ms - -[0m
[0mGET / [32m200 [0m32.218 ms - 2691[0m
[0mGET /css/bootstrapM.min.css [36m304 [0m4.506 ms - -[0m
[0mGET /css/style.css [36m304 [0m6.786 ms - -[0m
[0mGET /bootstrap/dist/css/bootstrap.min.css [36m304 [0m10.081 ms - -[0m
[0mGET /bootstrap/dist/js/bootstrap.min.js [36m304 [0m0.959 ms - -[0m
[0mGET /signup [36m304 [0m11.946 ms - -[0m
[0mGET /bootstrap/dist/css/bootstrap.min.css [36m304 [0m1.712 ms - -[0m
[0mGET /css/bootstrapM.min.css [36m304 [0m1.067 ms - -[0m
[0mGET /css/style.css [36m304 [0m0.891 ms - -[0m
[0mGET /bootstrap/dist/js/bootstrap.min.js [36m304 [0m1.100 ms - -[0m
[0mPOST /signup [36m302 [0m310.816 ms - 60[0m
[0mGET /profile [31m500 [0m4.008 ms - 1622[0m
[0mGET /profile [31m500 [0m22.513 ms - 2364[0m
[0mGET /profile [32m200 [0m17.963 ms - 2493[0m
[0mGET /css/bootstrapM.min.css [36m304 [0m3.552 ms - -[0m
[0mGET /bootstrap/dist/css/bootstrap.min.css [36m304 [0m7.126 ms - -[0m
[0mGET /css/style.css [36m304 [0m2.383 ms - -[0m
[0mGET /bootstrap/dist/js/bootstrap.min.js [36m304 [0m1.613 ms - -[0m
[0mGET / [36m304 [0m5.505 ms - -[0m
[0mGET /css/bootstrapM.min.css [36m304 [0m0.859 ms - -[0m
[0mGET /bootstrap/dist/css/bootstrap.min.css [36m304 [0m2.069 ms - -[0m
[0mGET /css/style.css [36m304 [0m0.777 ms - -[0m
[0mGET /bootstrap/dist/js/bootstrap.min.js [36m304 [0m1.132 ms - -[0m
